2024-07-10T06:20:43.600+0000 [DEBUG] [org.gradle.launcher.daemon.bootstrap.DaemonMain] Assuming the daemon was started with following jvm opts: [-XX:MaxMetaspaceSize=256m, --add-opens=java.base/java.util=ALL-UNNAMED, --add-opens=java.base/java.lang=ALL-UNNAMED, --add-opens=java.base/java.lang.invoke=ALL-UNNAMED, --add-opens=java.prefs/java.util.prefs=ALL-UNNAMED, --add-opens=java.base/java.nio.charset=ALL-UNNAMED, --add-opens=java.base/java.net=ALL-UNNAMED, --add-opens=java.base/java.util.concurrent.atomic=ALL-UNNAMED, -Xms512m, -Xmx512m, -Dfile.encoding=UTF-8, -Duser.country=US, -Duser.language=en, -Duser.variant]
2024-07-10T06:20:43.732+0000 [INFO] [org.gradle.launcher.daemon.server.Daemon] start() called on daemon - DefaultDaemonContext[uid=8eb613d8-42b1-4c21-9d00-aea9e72ff6cf,javaHome=/opt/java/openjdk,daemonRegistryDir=/workspace/.gradle/daemon,pid=53,idleTimeout=10800000,priority=NORMAL,applyInstrumentationAgent=true,daemonOpts=-XX:MaxMetaspaceSize=256m,--add-opens=java.base/java.util=ALL-UNNAMED,--add-opens=java.base/java.lang=ALL-UNNAMED,--add-opens=java.base/java.lang.invoke=ALL-UNNAMED,--add-opens=java.prefs/java.util.prefs=ALL-UNNAMED,--add-opens=java.base/java.nio.charset=ALL-UNNAMED,--add-opens=java.base/java.net=ALL-UNNAMED,--add-opens=java.base/java.util.concurrent.atomic=ALL-UNNAMED,-Xms512m,-Xmx512m,-Dfile.encoding=UTF-8,-Duser.country=US,-Duser.language=en,-Duser.variant]
2024-07-10T06:20:43.761+0000 [DEBUG] [org.gradle.internal.remote.internal.inet.InetAddresses] Adding IP addresses for network interface eth0
2024-07-10T06:20:43.762+0000 [DEBUG] [org.gradle.internal.remote.internal.inet.InetAddresses] Is this a loopback interface? false
2024-07-10T06:20:43.762+0000 [DEBUG] [org.gradle.internal.remote.internal.inet.InetAddresses] Adding remote address /fe80:0:0:0:e8b3:76ff:fe83:285c%eth0
2024-07-10T06:20:43.762+0000 [DEBUG] [org.gradle.internal.remote.internal.inet.InetAddresses] Adding remote address /10.42.1.79
2024-07-10T06:20:43.762+0000 [DEBUG] [org.gradle.internal.remote.internal.inet.InetAddresses] Adding IP addresses for network interface lo
2024-07-10T06:20:43.763+0000 [DEBUG] [org.gradle.internal.remote.internal.inet.InetAddresses] Is this a loopback interface? true
2024-07-10T06:20:43.763+0000 [DEBUG] [org.gradle.internal.remote.internal.inet.InetAddresses] Adding loopback address /0:0:0:0:0:0:0:1%lo
2024-07-10T06:20:43.763+0000 [DEBUG] [org.gradle.internal.remote.internal.inet.InetAddresses] Adding loopback address /127.0.0.1
2024-07-10T06:20:43.765+0000 [DEBUG] [org.gradle.internal.remote.internal.inet.TcpIncomingConnector] Listening on [e8d4cd38-ec4c-4d73-8352-a963025fbdcc port:36047, addresses:[localhost/127.0.0.1]].
2024-07-10T06:20:43.774+0000 [DEBUG] [org.gradle.launcher.daemon.server.Daemon] Daemon starting at: Wed Jul 10 06:20:43 UTC 2024, with address: [e8d4cd38-ec4c-4d73-8352-a963025fbdcc port:36047, addresses:[localhost/127.0.0.1]]
2024-07-10T06:20:43.774+0000 [INFO] [org.gradle.launcher.daemon.server.DaemonRegistryUpdater] Advertising the daemon address to the clients: [e8d4cd38-ec4c-4d73-8352-a963025fbdcc port:36047, addresses:[localhost/127.0.0.1]]
2024-07-10T06:20:43.775+0000 [DEBUG] [org.gradle.launcher.daemon.server.DaemonRegistryUpdater] Advertised daemon context: DefaultDaemonContext[uid=8eb613d8-42b1-4c21-9d00-aea9e72ff6cf,javaHome=/opt/java/openjdk,daemonRegistryDir=/workspace/.gradle/daemon,pid=53,idleTimeout=10800000,priority=NORMAL,applyInstrumentationAgent=true,daemonOpts=-XX:MaxMetaspaceSize=256m,--add-opens=java.base/java.util=ALL-UNNAMED,--add-opens=java.base/java.lang=ALL-UNNAMED,--add-opens=java.base/java.lang.invoke=ALL-UNNAMED,--add-opens=java.prefs/java.util.prefs=ALL-UNNAMED,--add-opens=java.base/java.nio.charset=ALL-UNNAMED,--add-opens=java.base/java.net=ALL-UNNAMED,--add-opens=java.base/java.util.concurrent.atomic=ALL-UNNAMED,-Xms512m,-Xmx512m,-Dfile.encoding=UTF-8,-Duser.country=US,-Duser.language=en,-Duser.variant]
2024-07-10T06:20:43.776+0000 [DEBUG] [org.gradle.launcher.daemon.registry.PersistentDaemonRegistry] Storing daemon address: [e8d4cd38-ec4c-4d73-8352-a963025fbdcc port:36047, addresses:[localhost/127.0.0.1]], context: DefaultDaemonContext[uid=8eb613d8-42b1-4c21-9d00-aea9e72ff6cf,javaHome=/opt/java/openjdk,daemonRegistryDir=/workspace/.gradle/daemon,pid=53,idleTimeout=10800000,priority=NORMAL,applyInstrumentationAgent=true,daemonOpts=-XX:MaxMetaspaceSize=256m,--add-opens=java.base/java.util=ALL-UNNAMED,--add-opens=java.base/java.lang=ALL-UNNAMED,--add-opens=java.base/java.lang.invoke=ALL-UNNAMED,--add-opens=java.prefs/java.util.prefs=ALL-UNNAMED,--add-opens=java.base/java.nio.charset=ALL-UNNAMED,--add-opens=java.base/java.net=ALL-UNNAMED,--add-opens=java.base/java.util.concurrent.atomic=ALL-UNNAMED,-Xms512m,-Xmx512m,-Dfile.encoding=UTF-8,-Duser.country=US,-Duser.language=en,-Duser.variant]
2024-07-10T06:20:43.784+0000 [DEBUG] [org.gradle.cache.internal.DefaultFileLockManager] Waiting to acquire exclusive lock on daemon addresses registry.
2024-07-10T06:20:43.788+0000 [DEBUG] [org.gradle.cache.internal.DefaultFileLockManager] Lock acquired on daemon addresses registry.
2024-07-10T06:20:43.793+0000 [DEBUG] [org.gradle.cache.internal.DefaultFileLockManager] Releasing lock on daemon addresses registry.
2024-07-10T06:20:43.793+0000 [LIFECYCLE] [org.gradle.launcher.daemon.server.Daemon] Daemon server started.
2024-07-10T06:20:43.795+0000 [DEBUG] [org.gradle.launcher.daemon.bootstrap.DaemonStartupCommunication] Completed writing the daemon greeting. Closing streams...
2024-07-10T06:20:43.805+0000 [DEBUG] [org.gradle.internal.remote.internal.inet.TcpIncomingConnector] Accepted connection from /127.0.0.1:45866 to /127.0.0.1:36047.
2024-07-10T06:20:43.807+0000 [DEBUG] [org.gradle.launcher.daemon.server.Daemon] stopOnExpiration() called on daemon
2024-07-10T06:20:43.814+0000 [DEBUG] [org.gradle.launcher.daemon.server.Daemon] awaitExpiration() called on daemon
2024-07-10T06:20:43.814+0000 [DEBUG] [org.gradle.launcher.daemon.server.DaemonStateCoordinator] daemon is running. Sleeping until state changes.
2024-07-10T06:20:43.834+0000 [DEBUG] [org.gradle.launcher.daemon.server.SynchronizedDispatchConnection] thread 30: received class org.gradle.launcher.daemon.protocol.Build
2024-07-10T06:20:43.834+0000 [DEBUG] [org.gradle.launcher.daemon.server.DefaultDaemonConnection] thread 30: Received non-IO message from client: Build{id=5e179de8-42d4-4066-82e2-88b918f00465, currentDir=/workspace/source}
2024-07-10T06:20:43.834+0000 [INFO] [org.gradle.launcher.daemon.server.DefaultIncomingConnectionHandler] Received command: Build{id=5e179de8-42d4-4066-82e2-88b918f00465, currentDir=/workspace/source}.
2024-07-10T06:20:43.835+0000 [DEBUG] [org.gradle.launcher.daemon.server.DefaultIncomingConnectionHandler] Starting executing command: Build{id=5e179de8-42d4-4066-82e2-88b918f00465, currentDir=/workspace/source} with connection: socket connection from /127.0.0.1:36047 to /127.0.0.1:45866.
2024-07-10T06:20:43.837+0000 [DEBUG] [org.gradle.launcher.daemon.server.DaemonStateCoordinator] Command execution: started DaemonCommandExecution[command = Build{id=5e179de8-42d4-4066-82e2-88b918f00465, currentDir=/workspace/source}, connection = DefaultDaemonConnection: socket connection from /127.0.0.1:36047 to /127.0.0.1:45866] after 0.0 minutes of idle
2024-07-10T06:20:43.838+0000 [INFO] [org.gradle.launcher.daemon.server.DaemonRegistryUpdater] Marking the daemon as busy, address: [e8d4cd38-ec4c-4d73-8352-a963025fbdcc port:36047, addresses:[localhost/127.0.0.1]]
2024-07-10T06:20:43.839+0000 [DEBUG] [org.gradle.launcher.daemon.registry.PersistentDaemonRegistry] Marking busy by address: [e8d4cd38-ec4c-4d73-8352-a963025fbdcc port:36047, addresses:[localhost/127.0.0.1]]
2024-07-10T06:20:43.840+0000 [DEBUG] [org.gradle.cache.internal.DefaultFileLockManager] Waiting to acquire exclusive lock on daemon addresses registry.
2024-07-10T06:20:43.846+0000 [DEBUG] [org.gradle.cache.internal.DefaultFileLockManager] Lock acquired on daemon addresses registry.
2024-07-10T06:20:43.847+0000 [DEBUG] [org.gradle.cache.internal.DefaultFileLockManager] Releasing lock on daemon addresses registry.
2024-07-10T06:20:43.847+0000 [DEBUG] [org.gradle.launcher.daemon.server.DaemonStateCoordinator] resetting idle timer
2024-07-10T06:20:43.848+0000 [INFO] [org.gradle.launcher.daemon.server.exec.StartBuildOrRespondWithBusy] Daemon is about to start building Build{id=5e179de8-42d4-4066-82e2-88b918f00465, currentDir=/workspace/source}. Dispatching build started information...
2024-07-10T06:20:43.849+0000 [DEBUG] [org.gradle.launcher.daemon.server.SynchronizedDispatchConnection] thread 32: dispatching org.gradle.launcher.daemon.protocol.BuildStarted@180cb85b
2024-07-10T06:20:43.850+0000 [DEBUG] [org.gradle.launcher.daemon.server.DaemonStateCoordinator] daemon is running. Sleeping until state changes.
2024-07-10T06:20:43.850+0000 [DEBUG] [org.gradle.launcher.daemon.server.exec.EstablishBuildEnvironment] Configuring env variables: [LANGUAGE, PATH, KUBERNETES_PORT_443_TCP, KUBERNETES_PORT_443_TCP_ADDR, GRADLE_VERSION, KUBERNETES_PORT, JAVA_HOME, KUBERNETES_PORT_443_TCP_PROTO, KUBERNETES_SERVICE_HOST, LANG, KUBERNETES_SERVICE_PORT, GRADLE_HOME, DOCKER_CONFIG, HOSTNAME, LC_ALL, KUBERNETES_PORT_443_TCP_PORT, KUBERNETES_SERVICE_PORT_HTTPS, JAVA_VERSION, PWD, HOME]
2024-07-10T06:20:43.853+0000 [DEBUG] [org.gradle.launcher.daemon.server.SynchronizedDispatchConnection] thread 30: received class org.gradle.launcher.daemon.protocol.CloseInput
2024-07-10T06:20:43.853+0000 [DEBUG] [org.gradle.launcher.daemon.server.DefaultDaemonConnection] thread 30: Received IO message from client: org.gradle.launcher.daemon.protocol.CloseInput@60cfa8f9
2024-07-10T06:20:43.855+0000 [DEBUG] [org.gradle.launcher.daemon.server.exec.LogToClient] About to start relaying all logs to the client via the connection.
2024-07-10T06:20:43.855+0000 [INFO] [org.gradle.launcher.daemon.server.exec.LogToClient] The client will now receive all logging from the daemon (pid: 53). The daemon log file: /workspace/.gradle/daemon/8.5/daemon-53.out.log
2024-07-10T06:20:43.857+0000 [INFO] [org.gradle.launcher.daemon.server.exec.LogAndCheckHealth] Starting build in new daemon [memory: 512 MiB]
2024-07-10T06:20:43.858+0000 [INFO] [org.gradle.launcher.daemon.server.exec.ForwardClientInput] Closing daemon's stdin at end of input.
2024-07-10T06:20:43.859+0000 [INFO] [org.gradle.launcher.daemon.server.exec.ForwardClientInput] The daemon will no longer process any standard input.
2024-07-10T06:20:43.859+0000 [DEBUG] [org.gradle.launcher.daemon.server.exec.ExecuteBuild] The daemon has started executing the build.
2024-07-10T06:20:43.860+0000 [DEBUG] [org.gradle.launcher.daemon.server.exec.ExecuteBuild] Executing build with daemon context: DefaultDaemonContext[uid=8eb613d8-42b1-4c21-9d00-aea9e72ff6cf,javaHome=/opt/java/openjdk,daemonRegistryDir=/workspace/.gradle/daemon,pid=53,idleTimeout=10800000,priority=NORMAL,applyInstrumentationAgent=true,daemonOpts=-XX:MaxMetaspaceSize=256m,--add-opens=java.base/java.util=ALL-UNNAMED,--add-opens=java.base/java.lang=ALL-UNNAMED,--add-opens=java.base/java.lang.invoke=ALL-UNNAMED,--add-opens=java.prefs/java.util.prefs=ALL-UNNAMED,--add-opens=java.base/java.nio.charset=ALL-UNNAMED,--add-opens=java.base/java.net=ALL-UNNAMED,--add-opens=java.base/java.util.concurrent.atomic=ALL-UNNAMED,-Xms512m,-Xmx512m,-Dfile.encoding=UTF-8,-Duser.country=US,-Duser.language=en,-Duser.variant]
/workspace/source/src/main/java/io/doe/domain/TestUserMapping.java:16: warning: Unmapped target properties: "testUserId, createDt".
	TestRes.TestUser from(final TestReq.TestUserPrm prm);
	                 ^
1 warning

Containerizing application to [36mdocker.kw01/gradle-spring-boot:dev-240710-062035-b572da6f[0m...
Base image 'eclipse-temurin:21-jre' does not use a specific image digest - build may not be reproducible
[1mExecuting tasks:[0m
[1m[                              ] 0.0% complete[0m
[1m> building images to registry[0m
[1m[0m
[4A[0J
[1A[1mExecuting tasks:[0m
[1m[                              ] 0.0% complete[0m
[1m> authenticating push to docker.kw01[0m
[1m[0m
[4A[0J
[1A[1mExecuting tasks:[0m
[1m[                              ] 0.0% complete[0m
[1m> authenticating push to docker.kw01[0m
[1m> pulling base image manifest[0m
[1m[0m
[5A[0J
[1A[1mExecuting tasks:[0m
[1m[                              ] 0.0% complete[0m
[1m> authenticating push to docker.kw01[0m
[1m> trying mirrors[0m
[1m[0m
[5A[0J
[1A[1mExecuting tasks:[0m
[1m[=                             ] 2.1% complete[0m
[1m> authenticating push to docker.kw01[0m
[1m> pulling base image manifest[0m
[1m> launching application layer builders[0m
[1m[0m
[6A[0J
[1A[1mExecuting tasks:[0m
[1m[=                             ] 2.1% complete[0m
[1m> authenticating push to docker.kw01[0m
[1m> pulling base image manifest[0m
[1m> launching application layer builders[0m
[1m[0m
[6A[0J
[1A[1mExecuting tasks:[0m
[1m[=                             ] 2.1% complete[0m
[1m> authenticating push to docker.kw01[0m
[1m> pulling base image manifest[0m
[1m> building dependencies layer[0m
[1m[0m
[6A[0J
[1A[1mExecuting tasks:[0m
[1m[=                             ] 2.1% complete[0m
[1m> authenticating push to docker.kw01[0m
[1m> building dependencies layer[0m
[1m> pulling base image manifest and container config[0m
[1m[0m
[6A[0J
[1A[1mExecuting tasks:[0m
[1m[=                             ] 2.1% complete[0m
[1m> authenticating push to docker.kw01[0m
[1m> building dependencies layer[0m
[1m> pulling base image manifest and container config[0m
[1m> building classes layer[0m
[1m> building jvm arg files layer[0m
[1m[0m
[8A[0J
[1A[1mExecuting tasks:[0m
[1m[=                             ] 2.1% complete[0m
[1m> authenticating push to docker.kw01[0m
[1m> building dependencies layer[0m
[1m> pulling base image manifest and container config[0m
[1m> building classes layer[0m
[1m> building jvm arg files layer[0m
[1m> building resources layer[0m
[1m[0m
[9A[0J
[1AUsing credentials from Docker config (/tekton/creds/.docker/config.json) for docker.kw01/gradle-spring-boot:dev-240710-062035-b572da6f
[1mExecuting tasks:[0m
[1m[=                             ] 2.1% complete[0m
[1m> authenticating push to docker.kw01[0m
[1m> building dependencies layer[0m
[1m> pulling base image manifest and container config[0m
[1m> building classes layer[0m
[1m> building jvm arg files layer[0m
[1m> building resources layer[0m
[1m[0m
[9A[0J
[1A[1mExecuting tasks:[0m
[1m[==                            ] 6.3% complete[0m
[1m> authenticating push to docker.kw01[0m
[1m> building dependencies layer[0m
[1m> pulling base image manifest and container config[0m
[1m> building classes layer[0m
[1m> building jvm arg files layer[0m
[1m> building resources layer[0m
[1m[0m
[9A[0J
[1A[1mExecuting tasks:[0m
[1m[=                             ] 2.1% complete[0m
[1m> authenticating push to docker.kw01[0m
[1m> building dependencies layer[0m
[1m> pulling base image manifest and container config[0m
[1m> building classes layer[0m
[1m> building jvm arg files layer[0m
[1m> building resources layer[0m
[1m[0m
[9A[0J
[1ACannot verify server at https://docker.kw01/v2/. Attempting again with no TLS verification.
[1mExecuting tasks:[0m
[1m[=                             ] 2.1% complete[0m
[1m> authenticating push to docker.kw01[0m
[1m> building dependencies layer[0m
[1m> pulling base image manifest and container config[0m
[1m> building classes layer[0m
[1m> building jvm arg files layer[0m
[1m> building resources layer[0m
[1m[0m
[9A[0J
[1A[1mExecuting tasks:[0m
[1m[===                           ] 8.3% complete[0m
[1m> authenticating push to docker.kw01[0m
[1m> building dependencies layer[0m
[1m> pulling base image manifest and container config[0m
[1m> building classes layer[0m
[1m> building resources layer[0m
[1m[0m
[8A[0J
[1A[1mExecuting tasks:[0m
[1m[===                           ] 10.4% complete[0m
[1m> authenticating push to docker.kw01[0m
[1m> building dependencies layer[0m
[1m> pulling base image manifest and container config[0m
[1m> building classes layer[0m
[1m[0m
[7A[0J
[1A[1mExecuting tasks:[0m
[1m[====                          ] 14.6% complete[0m
[1m> building dependencies layer[0m
[1m> pulling base image manifest and container config[0m
[1m> building classes layer[0m
[1m[0m
[6A[0J
[1A[1mExecuting tasks:[0m
[1m[====                          ] 14.6% complete[0m
[1m> building dependencies layer[0m
[1m> pulling base image manifest and container config[0m
[1m> building classes layer[0m
[1m> launching layer pushers[0m
[1m[0m
[7A[0J
[1A[1mExecuting tasks:[0m
[1m[====                          ] 14.6% complete[0m
[1m> building dependencies layer[0m
[1m> pulling base image manifest and container config[0m
[1m> building classes layer[0m
[1m> pushing blob sha256:27ab87fb6411893d655a3d034...[0m
[1m[0m
[7A[0J
[1A[1mExecuting tasks:[0m
[1m[====                          ] 14.6% complete[0m
[1m> building dependencies layer[0m
[1m> pulling base image manifest and container config[0m
[1m> building classes layer[0m
[1m> pushing blob sha256:27ab87fb6411893d655a3d034...[0m
[1m> pushing blob sha256:e68d2b5da868915fd750d25a8...[0m
[1m[0m
[8A[0J
[1ACannot verify server at https://docker.kw01/v2/gradle-spring-boot/blobs/sha256:27ab87fb6411893d655a3d0341ea0b32fd8c9c5e543aea43197e9bf16c4368e2. Attempting again with no TLS verification.
[1mExecuting tasks:[0m
[1m[====                          ] 14.6% complete[0m
[1m> building dependencies layer[0m
[1m> pulling base image manifest and container config[0m
[1m> building classes layer[0m
[1m> pushing blob sha256:27ab87fb6411893d655a3d034...[0m
[1m> pushing blob sha256:e68d2b5da868915fd750d25a8...[0m
[1m[0m
[8A[0J
[1ACannot verify server at https://docker.kw01/v2/gradle-spring-boot/blobs/sha256:e68d2b5da868915fd750d25a8e3dd12e27f440b2a3bce8a6c209623597d903e1. Attempting again with no TLS verification.
[1mExecuting tasks:[0m
[1m[====                          ] 14.6% complete[0m
[1m> building dependencies layer[0m
[1m> pulling base image manifest and container config[0m
[1m> building classes layer[0m
[1m> pushing blob sha256:27ab87fb6411893d655a3d034...[0m
[1m> pushing blob sha256:e68d2b5da868915fd750d25a8...[0m
[1m[0m
[8A[0J
[1A[1mExecuting tasks:[0m
[1m[=====                         ] 16.7% complete[0m
[1m> building dependencies layer[0m
[1m> pulling base image manifest and container config[0m
[1m> pushing blob sha256:27ab87fb6411893d655a3d034...[0m
[1m> pushing blob sha256:e68d2b5da868915fd750d25a8...[0m
[1m[0m
[7A[0J
[1A[1mExecuting tasks:[0m
[1m[=====                         ] 16.7% complete[0m
[1m> building dependencies layer[0m
[1m> pulling base image manifest and container config[0m
[1m> pushing blob sha256:27ab87fb6411893d655a3d034...[0m
[1m> pushing blob sha256:e68d2b5da868915fd750d25a8...[0m
[1m> pushing blob sha256:64389be20ac659fc3aff0c425...[0m
[1m[0m
[8A[0J
[1ACannot verify server at https://docker.kw01/v2/gradle-spring-boot/blobs/sha256:64389be20ac659fc3aff0c4250dfac6bafe4fb3be2ba786df2290d9d9a99bcbe. Attempting again with no TLS verification.
[1mExecuting tasks:[0m
[1m[=====                         ] 16.7% complete[0m
[1m> building dependencies layer[0m
[1m> pulling base image manifest and container config[0m
[1m> pushing blob sha256:27ab87fb6411893d655a3d034...[0m
[1m> pushing blob sha256:e68d2b5da868915fd750d25a8...[0m
[1m> pushing blob sha256:64389be20ac659fc3aff0c425...[0m
[1m[0m
[8A[0J
[1A[1mExecuting tasks:[0m
[1m[======                        ] 18.8% complete[0m
[1m> building dependencies layer[0m
[1m> pulling base image manifest and container config[0m
[1m> pushing blob sha256:e68d2b5da868915fd750d25a8...[0m
[1m> pushing blob sha256:64389be20ac659fc3aff0c425...[0m
[1m[0m
[7A[0J
[1A[1mExecuting tasks:[0m
[1m[======                        ] 20.8% complete[0m
[1m> building dependencies layer[0m
[1m> pulling base image manifest and container config[0m
[1m> pushing blob sha256:64389be20ac659fc3aff0c425...[0m
[1m[0m
[6A[0J
[1A[1mExecuting tasks:[0m
[1m[=======                       ] 22.9% complete[0m
[1m> building dependencies layer[0m
[1m> pulling base image manifest and container config[0m
[1m> launching layer pushers[0m
[1m[0m
[6A[0J
[1A[1mExecuting tasks:[0m
[1m[========                      ] 25.0% complete[0m
[1m> pulling base image manifest[0m
[1m> building dependencies layer[0m
[1m> launching layer pushers[0m
[1m[0m
[6A[0J
[1AThe base image requires auth. Trying again for eclipse-temurin:21-jre...
[1mExecuting tasks:[0m
[1m[========                      ] 25.0% complete[0m
[1m> pulling base image manifest[0m
[1m> building dependencies layer[0m
[1m> launching layer pushers[0m
[1m[0m
[6A[0J
[1A[1mExecuting tasks:[0m
[1m[========                      ] 25.0% complete[0m
[1m> building dependencies layer[0m
[1m> launching layer pushers[0m
[1m> pulling base image manifest and container config[0m
[1m[0m
[6A[0J
[1AUsing base image with digest: sha256:4bfafd011f9fbbde9fa586915f437aa33d059116b284214e4dc6c6db949aaead
[1mExecuting tasks:[0m
[1m[========                      ] 25.0% complete[0m
[1m> building dependencies layer[0m
[1m> launching layer pushers[0m
[1m> pulling base image manifest and container config[0m
[1m[0m
[6A[0J
[1A[1mExecuting tasks:[0m
[1m[========                      ] 26.0% complete[0m
[1m> building dependencies layer[0m
[1m> launching layer pushers[0m
[1m> pulling base image manifest and container config[0m
[1m[0m
[6A[0J
[1A[1mExecuting tasks:[0m
[1m[========                      ] 26.0% complete[0m
[1m> building dependencies layer[0m
[1m> launching layer pushers[0m
[1m> pulling platform-specific manifests and conta...[0m
[1m[0m
[6A[0J
[1A[1mExecuting tasks:[0m
[1m[========                      ] 26.6% complete[0m
[1m> building dependencies layer[0m
[1m> launching layer pushers[0m
[1m> pulling platform-specific manifests and conta...[0m
[1m[0m
[6A[0J
[1A[1mExecuting tasks:[0m
[1m[========                      ] 26.6% complete[0m
[1m> building dependencies layer[0m
[1m> launching layer pushers[0m
[1m> pull container configuration sha256:fdadb190b...[0m
[1m[0m
[6A[0J
[1A[1mExecuting tasks:[0m
[1m[========                      ] 27.1% complete[0m
[1m> pulling base image manifest[0m
[1m> building dependencies layer[0m
[1m> launching layer pushers[0m
[1m[0m
[6A[0J
[1A[1mExecuting tasks:[0m
[1m[=========                     ] 29.2% complete[0m
[1m> building dependencies layer[0m
[1m> launching layer pushers[0m
[1m[0m
[5A[0J
[1A[1mExecuting tasks:[0m
[1m[=========                     ] 29.2% complete[0m
[1m> building dependencies layer[0m
[1m> launching layer pushers[0m
[1m> scheduling obtaining base images layers[0m
[1m[0m
[6A[0J
[1A[1mExecuting tasks:[0m
[1m[=========                     ] 29.2% complete[0m
[1m> building dependencies layer[0m
[1m> launching layer pushers[0m
[1m> launching base image layer pullers[0m
[1m[0m
[6A[0J
[1A[1mExecuting tasks:[0m
[1m[=========                     ] 29.2% complete[0m
[1m> building dependencies layer[0m
[1m> launching layer pushers[0m
[1m> checking base image layer sha256:9fd6aba1a8ea...[0m
[1m> checking base image layer sha256:871306da7e87...[0m
[1m> checking base image layer sha256:708ff3b02f8b...[0m
[1m[0m
[8A[0J
[1A[1mExecuting tasks:[0m
[1m[=========                     ] 29.2% complete[0m
[1m> building dependencies layer[0m
[1m> launching layer pushers[0m
[1m> checking base image layer sha256:9fd6aba1a8ea...[0m
[1m> checking base image layer sha256:871306da7e87...[0m
[1m> checking base image layer sha256:708ff3b02f8b...[0m
[1m[0m
[8A[0J
[1A[1mExecuting tasks:[0m
[1m[=========                     ] 29.2% complete[0m
[1m> building dependencies layer[0m
[1m> launching layer pushers[0m
[1m> checking base image layer sha256:9fd6aba1a8ea...[0m
[1m> checking base image layer sha256:871306da7e87...[0m
[1m> checking base image layer sha256:708ff3b02f8b...[0m
[1m> scheduling building manifests[0m
[1m[0m
[9A[0J
[1A[1mExecuting tasks:[0m
[1m[=========                     ] 29.2% complete[0m
[1m> building dependencies layer[0m
[1m> launching layer pushers[0m
[1m> checking base image layer sha256:9fd6aba1a8ea...[0m
[1m> checking base image layer sha256:871306da7e87...[0m
[1m> checking base image layer sha256:708ff3b02f8b...[0m
[1m> scheduling building manifests[0m
[1m> scheduling pushing base images layers[0m
[1m[0m
[10A[0J
[1A[1mExecuting tasks:[0m
[1m[=========                     ] 29.2% complete[0m
[1m> building dependencies layer[0m
[1m> launching layer pushers[0m
[1m> checking base image layer sha256:9fd6aba1a8ea...[0m
[1m> checking base image layer sha256:871306da7e87...[0m
[1m> checking base image layer sha256:708ff3b02f8b...[0m
[1m> scheduling building manifests[0m
[1m> launching layer pushers[0m
[1m[0m
[10A[0J
[1A[1mExecuting tasks:[0m
[1m[=========                     ] 29.2% complete[0m
[1m> building dependencies layer[0m
[1m> launching layer pushers[0m
[1m> checking base image layer sha256:9fd6aba1a8ea...[0m
[1m> checking base image layer sha256:871306da7e87...[0m
[1m> checking base image layer sha256:708ff3b02f8b...[0m
[1m[0m
[8A[0J
[1A[1mExecuting tasks:[0m
[1m[=========                     ] 29.2% complete[0m
[1m> building dependencies layer[0m
[1m> launching layer pushers[0m
[1m> checking base image layer sha256:9fd6aba1a8ea...[0m
[1m> checking base image layer sha256:871306da7e87...[0m
[1m> checking base image layer sha256:708ff3b02f8b...[0m
[1m> scheduling building manifests[0m
[1m> launching layer pushers[0m
[1m> checking base image layer sha256:86b89831fd57...[0m
[1m> checking base image layer sha256:9b857f539cb1...[0m
[1m[0m
[12A[0J
[1A[1mExecuting tasks:[0m
[1m[=========                     ] 29.2% complete[0m
[1m> building dependencies layer[0m
[1m> launching layer pushers[0m
[1m> checking base image layer sha256:9fd6aba1a8ea...[0m
[1m> checking base image layer sha256:871306da7e87...[0m
[1m> checking base image layer sha256:708ff3b02f8b...[0m
[1m> scheduling building manifests[0m
[1m> launching layer pushers[0m
[1m> checking base image layer sha256:86b89831fd57...[0m
[1m> checking base image layer sha256:9b857f539cb1...[0m
[1m[0m
[12A[0J
[1A[1mExecuting tasks:[0m
[1m[=========                     ] 29.2% complete[0m
[1m> building dependencies layer[0m
[1m> launching layer pushers[0m
[1m> checking base image layer sha256:9fd6aba1a8ea...[0m
[1m> checking base image layer sha256:871306da7e87...[0m
[1m> checking base image layer sha256:708ff3b02f8b...[0m
[1m> scheduling building manifests[0m
[1m> launching layer pushers[0m
[1m> checking base image layer sha256:86b89831fd57...[0m
[1m> checking base image layer sha256:9b857f539cb1...[0m
[1m> scheduling pushing manifests[0m
[1m[0m
[13A[0J
[1A[1mExecuting tasks:[0m
[1m[=========                     ] 29.2% complete[0m
[1m> building dependencies layer[0m
[1m> launching layer pushers[0m
[1m> checking base image layer sha256:9fd6aba1a8ea...[0m
[1m> checking base image layer sha256:871306da7e87...[0m
[1m> checking base image layer sha256:708ff3b02f8b...[0m
[1m> scheduling building manifests[0m
[1m> launching layer pushers[0m
[1m> checking base image layer sha256:86b89831fd57...[0m
[1m> checking base image layer sha256:9b857f539cb1...[0m
[1m> scheduling pushing manifests[0m
[1m> scheduling pushing container configurations[0m
[1m[0m
[14A[0J
[1A[1mExecuting tasks:[0m
[1m[=========                     ] 30.8% complete[0m
[1m> building dependencies layer[0m
[1m> launching layer pushers[0m
[1m> checking base image layer sha256:9fd6aba1a8ea...[0m
[1m> checking base image layer sha256:871306da7e87...[0m
[1m> checking base image layer sha256:708ff3b02f8b...[0m
[1m> scheduling building manifests[0m
[1m> launching layer pushers[0m
[1m> checking base image layer sha256:9b857f539cb1...[0m
[1m> scheduling pushing manifests[0m
[1m> scheduling pushing container configurations[0m
[1m[0m
[13A[0J
[1A[1mExecuting tasks:[0m
[1m[==========                    ] 32.5% complete[0m
[1m> building dependencies layer[0m
[1m> launching layer pushers[0m
[1m> checking base image layer sha256:9fd6aba1a8ea...[0m
[1m> checking base image layer sha256:871306da7e87...[0m
[1m> scheduling building manifests[0m
[1m> launching layer pushers[0m
[1m> checking base image layer sha256:9b857f539cb1...[0m
[1m> scheduling pushing manifests[0m
[1m> scheduling pushing container configurations[0m
[1m[0m
[12A[0J
[1A[1mExecuting tasks:[0m
[1m[==========                    ] 34.2% complete[0m
[1m> building dependencies layer[0m
[1m> launching layer pushers[0m
[1m> checking base image layer sha256:9fd6aba1a8ea...[0m
[1m> scheduling building manifests[0m
[1m> launching layer pushers[0m
[1m> checking base image layer sha256:9b857f539cb1...[0m
[1m> scheduling pushing manifests[0m
[1m> scheduling pushing container configurations[0m
[1m[0m
[11A[0J
[1A[1mExecuting tasks:[0m
[1m[===========                   ] 35.8% complete[0m
[1m> building dependencies layer[0m
[1m> launching layer pushers[0m
[1m> scheduling building manifests[0m
[1m> launching layer pushers[0m
[1m> checking base image layer sha256:9b857f539cb1...[0m
[1m> scheduling pushing manifests[0m
[1m> scheduling pushing container configurations[0m
[1m[0m
[10A[0J
[1A[1mExecuting tasks:[0m
[1m[===========                   ] 37.5% complete[0m
[1m> building dependencies layer[0m
[1m> launching layer pushers[0m
[1m> scheduling building manifests[0m
[1m> launching layer pushers[0m
[1m> scheduling pushing manifests[0m
[1m> scheduling pushing container configurations[0m
[1m[0m
[9A[0J
[1A[1mExecuting tasks:[0m
[1m[============                  ] 39.6% complete[0m
[1m> launching layer pushers[0m
[1m> scheduling building manifests[0m
[1m> launching layer pushers[0m
[1m> scheduling pushing manifests[0m
[1m> scheduling pushing container configurations[0m
[1m[0m
[8A[0J
[1A[1mExecuting tasks:[0m
[1m[============                  ] 39.6% complete[0m
[1m> scheduling building manifests[0m
[1m> launching layer pushers[0m
[1m> scheduling pushing manifests[0m
[1m> scheduling pushing container configurations[0m
[1m> pushing blob sha256:dbedc1d564637bea4a53e1187...[0m
[1m[0m
[8A[0J
[1A[1mExecuting tasks:[0m
[1m[============                  ] 39.6% complete[0m
[1m> launching layer pushers[0m
[1m> scheduling pushing manifests[0m
[1m> scheduling pushing container configurations[0m
[1m> pushing blob sha256:dbedc1d564637bea4a53e1187...[0m
[1m> building image format[0m
[1m[0m
[8A[0J
[1A
[1mExecuting tasks:[0m
[1m[============                  ] 39.6% complete[0m
[1m> launching layer pushers[0m
[1m> scheduling pushing manifests[0m
[1m> scheduling pushing container configurations[0m
[1m> pushing blob sha256:dbedc1d564637bea4a53e1187...[0m
[1m> building image format[0m
[1m[0m
[8A[0J
[1AContainer entrypoint set to [java, -cp, @/app/jib-classpath-file, io.doe.ApplicationMain]
[1mExecuting tasks:[0m
[1m[============                  ] 39.6% complete[0m
[1m> launching layer pushers[0m
[1m> scheduling pushing manifests[0m
[1m> scheduling pushing container configurations[0m
[1m> pushing blob sha256:dbedc1d564637bea4a53e1187...[0m
[1m> building image format[0m
[1m[0m
[8A[0J
[1A[1mExecuting tasks:[0m
[1m[==============                ] 47.9% complete[0m
[1m> launching layer pushers[0m
[1m> scheduling pushing manifests[0m
[1m> scheduling pushing container configurations[0m
[1m> pushing blob sha256:dbedc1d564637bea4a53e1187...[0m
[1m[0m
[7A[0J
[1A[1mExecuting tasks:[0m
[1m[==============                ] 47.9% complete[0m
[1m> launching layer pushers[0m
[1m> scheduling pushing manifests[0m
[1m> scheduling pushing container configurations[0m
[1m> pushing blob sha256:dbedc1d564637bea4a53e1187...[0m
[1m> building a manifest list or a single manifest[0m
[1m[0m
[8A[0J
[1A[1mExecuting tasks:[0m
[1m[==============                ] 47.9% complete[0m
[1m> launching layer pushers[0m
[1m> scheduling pushing manifests[0m
[1m> pushing blob sha256:dbedc1d564637bea4a53e1187...[0m
[1m> building a manifest list or a single manifest[0m
[1m> pushing container configuration[0m
[1m[0m
[8A[0J
[1A[1mExecuting tasks:[0m
[1m[===============               ] 50.0% complete[0m
[1m> launching layer pushers[0m
[1m> scheduling pushing manifests[0m
[1m> building a manifest list or a single manifest[0m
[1m> pushing container configuration[0m
[1m[0m
[7A[0J
[1A[1mExecuting tasks:[0m
[1m[=================             ] 58.3% complete[0m
[1m> launching layer pushers[0m
[1m> scheduling pushing manifests[0m
[1m> pushing container configuration[0m
[1m[0m
[6A[0J
[1A[1mExecuting tasks:[0m
[1m[=================             ] 58.3% complete[0m
[1m> launching layer pushers[0m
[1m> scheduling pushing manifests[0m
[1m> pushing blob sha256:0774665de9238bdc649dedf5c...[0m
[1m[0m
[6A[0J
[1A[1mExecuting tasks:[0m
[1m[=================             ] 58.3% complete[0m
[1m> launching layer pushers[0m
[1m> scheduling pushing manifests[0m
[1m> pushing blob sha256:0774665de9238bdc649dedf5c...[0m
[1m> checking existence of manifest for sha256:d0e...[0m
[1m[0m
[7A[0J
[1A[1mExecuting tasks:[0m
[1m[====================          ] 66.7% complete[0m
[1m> launching layer pushers[0m
[1m> scheduling pushing manifests[0m
[1m> pushing blob sha256:0774665de9238bdc649dedf5c...[0m
[1m[0m
[6A[0J
[1A[1mExecuting tasks:[0m
[1m[=======================       ] 75.0% complete[0m
[1m> launching layer pushers[0m
[1m> scheduling pushing manifests[0m
[1m[0m
[5A[0J
[1A[1mExecuting tasks:[0m
[1m[=======================       ] 75.0% complete[0m
[1m> launching layer pushers[0m
[1m> launching manifest pushers[0m
[1m[0m
[5A[0J
[1A[1mExecuting tasks:[0m
[1m[=======================       ] 75.0% complete[0m
[1m> launching layer pushers[0m
[1m> pushing manifest for dev-240710-062035-b572da6f[0m
[1m[0m
[5A[0J
[1A[1mExecuting tasks:[0m
[1m[=========================     ] 83.3% complete[0m
[1m> launching layer pushers[0m
[1m[0m
[4A[0J
[1A[1mExecuting tasks:[0m
[1m[=========================     ] 83.3% complete[0m
[1m> launching layer pushers[0m
[1m> launching manifest list pushers[0m
[1m[0m
[5A[0J
[1A[1mExecuting tasks:[0m
[1m[============================  ] 91.7% complete[0m
[1m> launching layer pushers[0m
[1m[0m
[4A[0J
[1A
[1mExecuting tasks:[0m
[1m[============================  ] 91.7% complete[0m
[1m> launching layer pushers[0m
[1m[0m
[4A[0J
[1ABuilt and pushed image as [36mdocker.kw01/gradle-spring-boot:dev-240710-062035-b572da6f[0m
[1mExecuting tasks:[0m
[1m[============================  ] 91.7% complete[0m
[1m> launching layer pushers[0m
[1m[0m

BUILD SUCCESSFUL in 50s
4 actionable tasks: 4 executed
2024-07-10T06:21:32.611+0000 [DEBUG] [org.gradle.launcher.daemon.server.exec.ExecuteBuild] The daemon has finished executing the build.
2024-07-10T06:21:32.614+0000 [DEBUG] [org.gradle.launcher.daemon.server.DaemonStateCoordinator] Command execution: finished waiting for DaemonCommandExecution[command = Build{id=5e179de8-42d4-4066-82e2-88b918f00465, currentDir=/workspace/source}, connection = DefaultDaemonConnection: socket connection from /127.0.0.1:36047 to /127.0.0.1:45866]. Result org.gradle.launcher.daemon.server.DaemonStateCoordinator@6e8501eb with state Busy
2024-07-10T06:21:32.615+0000 [DEBUG] [org.gradle.launcher.daemon.server.DaemonStateCoordinator] Command execution: completed DaemonCommandExecution[command = Build{id=5e179de8-42d4-4066-82e2-88b918f00465, currentDir=/workspace/source}, connection = DefaultDaemonConnection: socket connection from /127.0.0.1:36047 to /127.0.0.1:45866]
2024-07-10T06:21:32.615+0000 [DEBUG] [org.gradle.launcher.daemon.server.DaemonStateCoordinator] resetting idle timer
2024-07-10T06:21:32.615+0000 [INFO] [org.gradle.launcher.daemon.server.DaemonRegistryUpdater] Marking the daemon as idle, address: [e8d4cd38-ec4c-4d73-8352-a963025fbdcc port:36047, addresses:[localhost/127.0.0.1]]
2024-07-10T06:21:32.615+0000 [DEBUG] [org.gradle.launcher.daemon.registry.PersistentDaemonRegistry] Marking busy by address: [e8d4cd38-ec4c-4d73-8352-a963025fbdcc port:36047, addresses:[localhost/127.0.0.1]]
2024-07-10T06:21:32.616+0000 [DEBUG] [org.gradle.cache.internal.DefaultFileLockManager] Waiting to acquire exclusive lock on daemon addresses registry.
2024-07-10T06:21:32.616+0000 [DEBUG] [org.gradle.cache.internal.DefaultFileLockManager] Lock acquired on daemon addresses registry.
2024-07-10T06:21:32.617+0000 [DEBUG] [org.gradle.cache.internal.DefaultFileLockManager] Releasing lock on daemon addresses registry.
2024-07-10T06:21:32.617+0000 [DEBUG] [org.gradle.launcher.daemon.server.DaemonStateCoordinator] daemon is running. Sleeping until state changes.
2024-07-10T06:21:32.617+0000 [DEBUG] [org.gradle.launcher.daemon.server.exec.ReturnResult] Daemon is dispatching the build result: Success[value=org.gradle.launcher.exec.BuildActionResult@1a329536]
2024-07-10T06:21:32.617+0000 [DEBUG] [org.gradle.launcher.daemon.server.SynchronizedDispatchConnection] thread 29: dispatching Success[value=org.gradle.launcher.exec.BuildActionResult@1a329536]
2024-07-10T06:21:32.618+0000 [DEBUG] [org.gradle.launcher.daemon.server.DefaultIncomingConnectionHandler] Finishing executing command: Build{id=5e179de8-42d4-4066-82e2-88b918f00465, currentDir=/workspace/source}
2024-07-10T06:21:32.619+0000 [DEBUG] [org.gradle.launcher.daemon.server.SynchronizedDispatchConnection] thread 30: received class org.gradle.launcher.daemon.protocol.Finished
2024-07-10T06:21:32.619+0000 [DEBUG] [org.gradle.launcher.daemon.server.DefaultDaemonConnection] thread 30: Received non-IO message from client: org.gradle.launcher.daemon.protocol.Finished@3a103751
2024-07-10T06:21:32.619+0000 [DEBUG] [org.gradle.launcher.daemon.server.DefaultIncomingConnectionHandler] Received finished message: org.gradle.launcher.daemon.protocol.Finished@3a103751
2024-07-10T06:21:32.619+0000 [DEBUG] [org.gradle.internal.remote.internal.inet.SocketConnection] Discarding EOFException: java.io.EOFException
2024-07-10T06:21:32.619+0000 [DEBUG] [org.gradle.launcher.daemon.server.SynchronizedDispatchConnection] thread 30: received null
2024-07-10T06:21:32.619+0000 [DEBUG] [org.gradle.launcher.daemon.server.SynchronizedDispatchConnection] thread 29: stopping connection
2024-07-10T06:21:32.620+0000 [DEBUG] [org.gradle.launcher.daemon.server.DefaultDaemonConnection] thread 30: Received end-of-input from client.
2024-07-10T06:21:32.621+0000 [DEBUG] [org.gradle.launcher.daemon.server.SynchronizedDispatchConnection] thread 29: stopping connection
